Start testing: Jun 14 06:30 JST
----------------------------------------------------------
1/1 Testing: motion_math_test
1/1 Test: motion_math_test
Command: "/Users/h.shigeta/Documents/GitHub/StackChan-Orig/firmware/build-host-tests/motion_math_test"
Directory: /Users/h.shigeta/Documents/GitHub/StackChan-Orig/firmware/build-host-tests
"motion_math_test" start time: Jun 14 06:30 JST
Output:
----------------------------------------------------------
<end of output>
Test time =   0.31 sec
----------------------------------------------------------
Test Passed.
"motion_math_test" end time: Jun 14 06:30 JST
"motion_math_test" time elapsed: 00:00:00
----------------------------------------------------------

End testing: Jun 14 06:30 JST
